\BOOKMARK [1][-]{section.1}{Einleitung}{}% 1
\BOOKMARK [2][-]{subsection.1.1}{Zielsetzung dieser Arbeit}{section.1}% 2
\BOOKMARK [2][-]{subsection.1.2}{Aufbau der Arbeit}{section.1}% 3
\BOOKMARK [1][-]{section.2}{Verwandte Themen \(Verwandte Arbeiten?\) }{}% 4
\BOOKMARK [2][-]{subsection.2.1}{Object Tracking}{section.2}% 5
\BOOKMARK [2][-]{subsection.2.2}{Object Detection}{section.2}% 6
\BOOKMARK [2][-]{subsection.2.3}{Maschinelles Lernen}{section.2}% 7
\BOOKMARK [3][-]{subsubsection.2.3.1}{Methoden}{subsection.2.3}% 8
\BOOKMARK [2][-]{subsection.2.4}{Beispiele f\374r Tracking-Implementationen}{section.2}% 9
\BOOKMARK [1][-]{section.3}{Tracking Learning Detection - TLD}{}% 10
\BOOKMARK [2][-]{subsection.3.1}{Tracking}{section.3}% 11
\BOOKMARK [3][-]{subsubsection.3.1.1}{Der optischen Flusses und der Lucas-Kanade-Algorithmus}{subsection.3.1}% 12
\BOOKMARK [3][-]{subsubsection.3.1.2}{FB, NCC und Median Flow Tracker}{subsection.3.1}% 13
\BOOKMARK [2][-]{subsection.3.2}{Detection}{section.3}% 14
\BOOKMARK [3][-]{subsubsection.3.2.1}{Objekt-Modell}{subsection.3.2}% 15
\BOOKMARK [3][-]{subsubsection.3.2.2}{Sliding-Window}{subsection.3.2}% 16
\BOOKMARK [3][-]{subsubsection.3.2.3}{Varianzfilter}{subsection.3.2}% 17
\BOOKMARK [3][-]{subsubsection.3.2.4}{Ensemble-Classifier}{subsection.3.2}% 18
\BOOKMARK [3][-]{subsubsection.3.2.5}{Template-Matching und Nearest-Neighbour-Classifier}{subsection.3.2}% 19
\BOOKMARK [3][-]{subsubsection.3.2.6}{Cluster-Verfahren}{subsection.3.2}% 20
\BOOKMARK [2][-]{subsection.3.3}{Maschinelles Lernen}{section.3}% 21
\BOOKMARK [3][-]{subsubsection.3.3.1}{P-N Learning}{subsection.3.3}% 22
\BOOKMARK [2][-]{subsection.3.4}{Zusammenspiel der Komponenten}{section.3}% 23
\BOOKMARK [2][-]{subsection.3.5}{Initialisierung}{section.3}% 24
\BOOKMARK [1][-]{section.4}{Implementierung und Testszenarien}{}% 25
\BOOKMARK [2][-]{subsection.4.1}{Programmierung}{section.4}% 26
\BOOKMARK [3][-]{subsubsection.4.1.1}{Klassenstruktur}{subsection.4.1}% 27
\BOOKMARK [2][-]{subsection.4.2}{Tests}{section.4}% 28
\BOOKMARK [3][-]{subsubsection.4.2.1}{Videosequenzen}{subsection.4.2}% 29
\BOOKMARK [3][-]{subsubsection.4.2.2}{Kamerasequenzen}{subsection.4.2}% 30
\BOOKMARK [1][-]{section.5}{Auswertung und Ausblick}{}% 31
\BOOKMARK [1][-]{section.6}{Anhang}{}% 32
